   1: # Unær +
   2: + 3.14
Scanner: + token on line 2
Scanner: float literal token on line 2: 3.14
Scanner: integer literal token on line 2: 4
Scanner: NEWLINE token on line 2
   3: + 4
Scanner: + token on line 3
Scanner: integer literal token on line 3: 4
Scanner: NEWLINE token on line 3
   4: 
   5: # Unær -
   6: - 3.1416
Scanner: - token on line 6
Scanner: float literal token on line 6: 3.1416
Scanner: integer literal token on line 6: 416
Scanner: NEWLINE token on line 6
   7: - 5
Scanner: - token on line 7
Scanner: integer literal token on line 7: 5
Scanner: NEWLINE token on line 7
   8: 
   9: # Vanlig +
  10: 1 + 2 + (-10) + 3 + 4
Scanner: integer literal token on line 10: 1
Scanner: + token on line 10
Scanner: integer literal token on line 10: 2
Scanner: + token on line 10
Scanner: ( token on line 10
Scanner: - token on line 10
Scanner: integer literal token on line 10: 10
Scanner: ) token on line 10
Scanner: + token on line 10
Scanner: integer literal token on line 10: 3
Scanner: + token on line 10
Scanner: integer literal token on line 10: 4
Scanner: NEWLINE token on line 10
  11: 3 + 1.0
Scanner: integer literal token on line 11: 3
Scanner: + token on line 11
Scanner: float literal token on line 11: 1.0
Scanner: NEWLINE token on line 11
  12: 3.14 + 10
