   1: # Dette programmet inneholder ulike former for blanke linjer,
   2: # dvs tomme linjer eller linjer med blanke eller TAB-er i ulike posisjoner.
   3: # Dette skal Asp-interpreten kunne håndtere.
   4: 
   5: # Denne linjen er tom:
   6: 
   7: 17
Scanner: integer literal token on line 7: 1
Scanner: integer literal token on line 7: 7
Scanner: NEWLINE token on line 7
   8: 17.8
Scanner: integer literal token on line 8: 1
Scanner: integer literal token on line 8: 7
Scanner: integer literal token on line 8: 8
Scanner: NEWLINE token on line 8
   9: # Denne linjen inneholder kun noen blanke i starten:
  10:     
  11: # Denne linjen starter med en TAB:
  12: 	
  13: if 1+1 = 22:
Scanner: if token on line 13
Scanner: integer literal token on line 13: 1
Scanner: + token on line 13
Scanner: integer literal token on line 13: 1
Scanner: = token on line 13
Scanner: integer literal token on line 13: 2
Scanner: integer literal token on line 13: 2
Scanner: : token on line 13
Scanner: NEWLINE token on line 13
  14: # Denne linjen starter med 2 TAB-er og 3 blanke:
  15: 		   print("Ja")
Scanner: INDENT token on line 15
Scanner: ( token on line 15
Scanner: ) token on line 15
Scanner: NEWLINE token on line 15
  16: # Denne linjen inneholder et utplukk blanke og TAB-er:
  17: 	 		   	
  18: # Og det var alt.
  19: # Siste linje mangler LF som linjeslutt, men slikt skal skanneren kunne takle.
  20: # Skanneren skal generere et NEWLINE-symbol uansett.
  21: x = 4
Scanner: DEDENT token on line 21
Scanner: = token on line 21
Scanner: integer literal token on line 21: 4
Scanner: NEWLINE token on line 21
Scanner: E-o-f token
