<program>
   1: # Boblesortering
   2: # (Den enkleste men akk så ineffektive sorteringsmetoden)
   3: 
   4: def boblesorter (a):
  <stmt>
    <compound stmt>
      <func def>
        <name>
        </name>
        <name>
        </name>
        <suite>
   5:     global ombyttinger
          <stmt>
            <small stmt list>
              <small stmt>
                <global stmt>
                  <name>
                  </name>
                </global stmt>
              </small stmt>
            </small stmt list>
