   1: 
   2: # A palindrome is a word that reads the same
   3: # forwards and backwards, like OBO and RACECAR.
   4: 
   5: def is_a_palindrome (word):
Scanner: name token on line 5: d
Scanner: name token on line 5: e
Scanner: name token on line 5: f
Scanner: name token on line 5: i
Scanner: name token on line 5: s
Scanner: name token on line 5: _
Scanner: name token on line 5: a
Scanner: name token on line 5: _
Scanner: name token on line 5: p
Scanner: name token on line 5: a
Scanner: name token on line 5: l
Scanner: name token on line 5: i
Scanner: name token on line 5: n
Scanner: name token on line 5: d
Scanner: name token on line 5: r
Scanner: name token on line 5: o
Scanner: name token on line 5: m
Scanner: name token on line 5: e
Scanner: ( token on line 5
Scanner: name token on line 5: w
Scanner: name token on line 5: o
Scanner: name token on line 5: r
Scanner: name token on line 5: d
Scanner: ) token on line 5
Scanner: : token on line 5
Scanner: NEWLINE token on line 5
   6:    i1 = 0;  i2 = len(word)-1
Scanner: INDENT token on line 6
Scanner: name token on line 6: i
Scanner: integer literal token on line 6: 1
Scanner: = token on line 6
Scanner: integer literal token on line 6: 0
Scanner: ; token on line 6
Scanner: name token on line 6: i
Scanner: integer literal token on line 6: 2
Scanner: = token on line 6
Scanner: name token on line 6: l
Scanner: name token on line 6: e
Scanner: name token on line 6: n
Scanner: ( token on line 6
Scanner: name token on line 6: w
Scanner: name token on line 6: o
Scanner: name token on line 6: r
Scanner: name token on line 6: d
Scanner: ) token on line 6
Scanner: - token on line 6
Scanner: integer literal token on line 6: 1
Scanner: NEWLINE token on line 6
   7:    while i1 < i2:
Scanner: name token on line 7: w
Scanner: name token on line 7: h
Scanner: name token on line 7: i
Scanner: name token on line 7: l
Scanner: name token on line 7: e
Scanner: name token on line 7: i
Scanner: integer literal token on line 7: 1
Scanner: < token on line 7
Scanner: name token on line 7: i
Scanner: integer literal token on line 7: 2
Scanner: : token on line 7
Scanner: NEWLINE token on line 7
   8:       if word[i1] != word[i2]: return False
Scanner: INDENT token on line 8
Scanner: name token on line 8: i
Scanner: name token on line 8: f
Scanner: name token on line 8: w
Scanner: name token on line 8: o
Scanner: name token on line 8: r
Scanner: name token on line 8: d
Scanner: [ token on line 8
Scanner: name token on line 8: i
Scanner: integer literal token on line 8: 1
Scanner: ] token on line 8
Scanner: = token on line 8
Scanner: name token on line 8: w
Scanner: name token on line 8: o
Scanner: name token on line 8: r
Scanner: name token on line 8: d
Scanner: [ token on line 8
Scanner: name token on line 8: i
Scanner: integer literal token on line 8: 2
Scanner: ] token on line 8
Scanner: : token on line 8
Scanner: name token on line 8: r
Scanner: name token on line 8: e
Scanner: name token on line 8: t
Scanner: name token on line 8: u
Scanner: name token on line 8: r
Scanner: name token on line 8: n
Scanner: name token on line 8: F
Scanner: name token on line 8: a
Scanner: name token on line 8: l
Scanner: name token on line 8: s
Scanner: name token on line 8: e
Scanner: NEWLINE token on line 8
   9:       i1 = i1 + 1;  i2 = i2 - 1
Scanner: name token on line 9: i
Scanner: integer literal token on line 9: 1
Scanner: = token on line 9
Scanner: name token on line 9: i
Scanner: integer literal token on line 9: 1
Scanner: + token on line 9
Scanner: integer literal token on line 9: 1
Scanner: ; token on line 9
Scanner: name token on line 9: i
Scanner: integer literal token on line 9: 2
Scanner: = token on line 9
Scanner: name token on line 9: i
Scanner: integer literal token on line 9: 2
Scanner: - token on line 9
Scanner: integer literal token on line 9: 1
Scanner: NEWLINE token on line 9
  10:    return True
Scanner: DEDENT token on line 10
Scanner: name token on line 10: r
Scanner: name token on line 10: e
Scanner: name token on line 10: t
Scanner: name token on line 10: u
Scanner: name token on line 10: r
Scanner: name token on line 10: n
Scanner: name token on line 10: T
Scanner: name token on line 10: r
Scanner: name token on line 10: u
Scanner: name token on line 10: e
Scanner: NEWLINE token on line 10
  11: 
  12: query = input("A word: ")
Scanner: DEDENT token on line 12
Scanner: name token on line 12: q
Scanner: name token on line 12: u
Scanner: name token on line 12: e
Scanner: name token on line 12: r
Scanner: name token on line 12: y
Scanner: = token on line 12
Scanner: name token on line 12: i
Scanner: name token on line 12: n
Scanner: name token on line 12: p
Scanner: name token on line 12: u
Scanner: name token on line 12: t
Scanner: ( token on line 12
Scanner: name token on line 12: A
Scanner: name token on line 12: w
Scanner: name token on line 12: o
Scanner: name token on line 12: r
Scanner: name token on line 12: d
Scanner: : token on line 12
Scanner: ) token on line 12
Scanner: NEWLINE token on line 12
  13: print('"'+query+'":', is_a_palindrome(query))
Scanner: name token on line 13: p
Scanner: name token on line 13: r
Scanner: name token on line 13: i
Scanner: name token on line 13: n
Scanner: name token on line 13: t
Scanner: ( token on line 13
Scanner: + token on line 13
Scanner: name token on line 13: q
Scanner: name token on line 13: u
Scanner: name token on line 13: e
Scanner: name token on line 13: r
Scanner: name token on line 13: y
Scanner: + token on line 13
Scanner: : token on line 13
Scanner: , token on line 13
Scanner: name token on line 13: i
Scanner: name token on line 13: s
Scanner: name token on line 13: _
Scanner: name token on line 13: a
Scanner: name token on line 13: _
Scanner: name token on line 13: p
Scanner: name token on line 13: a
Scanner: name token on line 13: l
Scanner: name token on line 13: i
Scanner: name token on line 13: n
Scanner: name token on line 13: d
Scanner: name token on line 13: r
Scanner: name token on line 13: o
Scanner: name token on line 13: m
Scanner: name token on line 13: e
Scanner: ( token on line 13
Scanner: name token on line 13: q
Scanner: name token on line 13: u
Scanner: name token on line 13: e
Scanner: name token on line 13: r
Scanner: name token on line 13: y
Scanner: ) token on line 13
Scanner: ) token on line 13
Scanner: NEWLINE token on line 13
