<program>
   1: 
   2: # Finn alle primtall opp til n
   3: # ved hjelp av teknikken kalt «Eratosthenes' sil».
   4: 
   5: n = 1000
  <stmt>
    <small stmt list>
      <small stmt>
        <assignment>
          <name>
          </name>
          <expr>
            <and test>
              <not test>
                <comparison>
                  <term>
                    <factor>
                      <primary>
                        <atom>
                          <integer literal>
                          </integer literal>
                        </atom>
                      </primary>
                    </factor>
                  </term>
                </comparison>
              </not test>
            </and test>
          </expr>
        </assignment>
      </small stmt>
    </small stmt list>
  </stmt>
   6: primes = [True] * (n+1)
  <stmt>
    <small stmt list>
      <small stmt>
        <assignment>
          <name>
          </name>
          <expr>
            <and test>
              <not test>
                <comparison>
                  <term>
                    <factor>
                      <primary>
                        <atom>
                          <list display>
                            <expr>
                              <and test>
                                <not test>
                                  <comparison>
                                    <term>
                                      <factor>
                                        <primary>
                                          <atom>
                                            <boolean literal>
                                            </boolean literal>
                                          </atom>
                                        </primary>
                                      </factor>
                                    </term>
                                  </comparison>
                                </not test>
                              </and test>
                            </expr>
                          </list display>
                        </atom>
                      </primary>
                      <factor opr>
                      </factor opr>
                      <primary>
                        <atom>
                          <inner expr>
                            <expr>
                              <and test>
                                <not test>
                                  <comparison>
                                    <term>
                                      <factor>
                                        <primary>
                                          <atom>
                                            <name>
                                            </name>
                                          </atom>
                                        </primary>
                                      </factor>
                                      <term opr>
                                      </term opr>
                                      <factor>
                                        <primary>
                                          <atom>
                                            <integer literal>
                                            </integer literal>
                                          </atom>
                                        </primary>
                                      </factor>
                                    </term>
                                  </comparison>
                                </not test>
                              </and test>
                            </expr>
                          </inner expr>
                        </atom>
                      </primary>
                    </factor>
                  </term>
                </comparison>
              </not test>
            </and test>
          </expr>
        </assignment>
      </small stmt>
    </small stmt list>
  </stmt>
   7: 
   8: def find_primes ():
  <stmt>
    <compound stmt>
      <func def>
        <name>
        </name>
        <suite>
   9:    for i1 in range(2,n+1):
          <stmt>
            <compound stmt>
              <for stmt>
                <name>
                </name>
                <expr>
                  <and test>
                    <not test>
                      <comparison>
                        <term>
                          <factor>
                            <primary>
                              <atom>
                                <name>
                                </name>
                              </atom>
                              <primary suffix>
                                <arguments>
                                  <expr>
                                    <and test>
                                      <not test>
                                        <comparison>
                                          <term>
                                            <factor>
                                              <primary>
                                                <atom>
                                                  <integer literal>
                                                  </integer literal>
                                                </atom>
                                              </primary>
                                            </factor>
                                          </term>
                                        </comparison>
                                      </not test>
                                    </and test>
                                  </expr>
                                  <expr>
                                    <and test>
                                      <not test>
                                        <comparison>
                                          <term>
                                            <factor>
                                              <primary>
                                                <atom>
                                                  <name>
                                                  </name>
                                                </atom>
                                              </primary>
                                            </factor>
                                            <term opr>
                                            </term opr>
                                            <factor>
                                              <primary>
                                                <atom>
                                                  <integer literal>
                                                  </integer literal>
                                                </atom>
                                              </primary>
                                            </factor>
                                          </term>
                                        </comparison>
                                      </not test>
                                    </and test>
                                  </expr>
                                </arguments>
                              </primary suffix>
                            </primary>
                          </factor>
                        </term>
                      </comparison>
                    </not test>
                  </and test>
                </expr>
                <suite>
  10:       i2 = i1 * i1
                  <stmt>
                    <small stmt list>
                      <small stmt>
                        <assignment>
                          <name>
                          </name>
                          <expr>
                            <and test>
                              <not test>
                                <comparison>
                                  <term>
                                    <factor>
                                      <primary>
                                        <atom>
                                          <name>
                                          </name>
                                        </atom>
                                      </primary>
                                      <factor opr>
                                      </factor opr>
                                      <primary>
                                        <atom>
                                          <name>
                                          </name>
                                        </atom>
                                      </primary>
                                    </factor>
                                  </term>
                                </comparison>
                              </not test>
                            </and test>
                          </expr>
                        </assignment>
                      </small stmt>
                    </small stmt list>
                  </stmt>
  11:       while i2 <= n:
                  <stmt>
                    <compound stmt>
                      <while stmt>
                        <expr>
                          <and test>
                            <not test>
                              <comparison>
                                <term>
                                  <factor>
                                    <primary>
                                      <atom>
                                        <name>
                                        </name>
                                      </atom>
                                    </primary>
                                  </factor>
                                </term>
                                <comp opr>
                                </comp opr>
                                <term>
                                  <factor>
                                    <primary>
                                      <atom>
                                        <name>
                                        </name>
                                      </atom>
                                    </primary>
                                  </factor>
                                </term>
                              </comparison>
                            </not test>
                          </and test>
                        </expr>
                        <suite>
  12:          primes[i2] = False
                          <stmt>
                            <small stmt list>
                              <small stmt>
                                <assignment>
                                  <name>
                                  </name>
                                  <subscription>
                                    <expr>
                                      <and test>
                                        <not test>
                                          <comparison>
                                            <term>
                                              <factor>
                                                <primary>
                                                  <atom>
                                                    <name>
                                                    </name>
                                                  </atom>
                                                </primary>
                                              </factor>
                                            </term>
                                          </comparison>
                                        </not test>
                                      </and test>
                                    </expr>
                                  </subscription>
                                  <expr>
                                    <and test>
                                      <not test>
                                        <comparison>
                                          <term>
                                            <factor>
                                              <primary>
                                                <atom>
                                                  <boolean literal>
                                                  </boolean literal>
                                                </atom>
                                              </primary>
                                            </factor>
                                          </term>
                                        </comparison>
                                      </not test>
                                    </and test>
                                  </expr>
                                </assignment>
                              </small stmt>
                            </small stmt list>
                          </stmt>
  13:          i2 = i2 + i1
                          <stmt>
                            <small stmt list>
                              <small stmt>
                                <assignment>
                                  <name>
                                  </name>
                                  <expr>
                                    <and test>
                                      <not test>
                                        <comparison>
                                          <term>
                                            <factor>
                                              <primary>
                                                <atom>
                                                  <name>
                                                  </name>
                                                </atom>
                                              </primary>
                                            </factor>
                                            <term opr>
                                            </term opr>
                                            <factor>
                                              <primary>
                                                <atom>
                                                  <name>
                                                  </name>
                                                </atom>
                                              </primary>
                                            </factor>
                                          </term>
                                        </comparison>
                                      </not test>
                                    </and test>
                                  </expr>
                                </assignment>
                              </small stmt>
                            </small stmt list>
                          </stmt>
  14: 
  15: def format (n, w):
                        </suite>
                      </while stmt>
                    </compound stmt>
                  </stmt>
                </suite>
              </for stmt>
            </compound stmt>
          </stmt>
        </suite>
      </func def>
    </compound stmt>
  </stmt>
  <stmt>
    <compound stmt>
      <func def>
        <name>
        </name>
        <name>
        </name>
Asp parser error on line 15: Expected ) but found ,!
