   1: # I Asp får tall ikke lov å starte med sifferet 0, men
   2: # selve tallet 0 er selvfølgelig et unntak.
   3: 
   4: a = 0   # Dette er helt OK.
Scanner: name token on line 4: null
Scanner: integer literal token on line 4: 0
Scanner: NEWLINE token on line 4
Scanner: name token on line 4: null
Scanner: name token on line 4: null
Scanner: name token on line 4: null
Scanner: name token on line 4: null
Scanner: name token on line 4: null
Scanner: name token on line 4: null
Scanner: name token on line 4: null
Scanner: name token on line 4: null
Scanner: name token on line 4: null
Scanner: name token on line 4: null
Scanner: name token on line 4: null
Scanner: name token on line 4: null
Scanner: name token on line 4: null
Scanner: NEWLINE token on line 4
   5: a = 04  # Men dette to tall: 0 og 4!
Scanner: name token on line 5: null
Scanner: integer literal token on line 5: 0
Scanner: integer literal token on line 5: 0
Scanner: NEWLINE token on line 5
Scanner: name token on line 5: null
Scanner: name token on line 5: null
Scanner: name token on line 5: null
Scanner: name token on line 5: null
Scanner: name token on line 5: null
Scanner: name token on line 5: null
Scanner: name token on line 5: null
Scanner: name token on line 5: null
Scanner: name token on line 5: null
Scanner: name token on line 5: null
Scanner: name token on line 5: null
Scanner: name token on line 5: null
Scanner: name token on line 5: null
Scanner: name token on line 5: null
Scanner: integer literal token on line 5: 0
Scanner: name token on line 5: null
Scanner: name token on line 5: null
Scanner: integer literal token on line 5: 0
Scanner: NEWLINE token on line 5
   6:     	# Slikt er OK for skanneren,
Scanner: INDENT token on line 6
Scanner: NEWLINE token on line 6
Scanner: name token on line 6: null
Scanner: name token on line 6: null
Scanner: name token on line 6: null
Scanner: name token on line 6: null
Scanner: name token on line 6: null
Scanner: name token on line 6: null
Scanner: name token on line 6: null
Scanner: name token on line 6: null
Scanner: name token on line 6: null
Scanner: name token on line 6: null
Scanner: name token on line 6: null
Scanner: name token on line 6: null
Scanner: name token on line 6: null
Scanner: name token on line 6: null
Scanner: name token on line 6: null
Scanner: name token on line 6: null
Scanner: name token on line 6: null
Scanner: name token on line 6: null
Scanner: name token on line 6: null
Scanner: name token on line 6: null
Scanner: name token on line 6: null
Scanner: NEWLINE token on line 6
   7: 	# men parseren (del 2) vil gi
Scanner: DEDENT token on line 7
Scanner: NEWLINE token on line 7
Scanner: name token on line 7: null
Scanner: name token on line 7: null
Scanner: name token on line 7: null
Scanner: name token on line 7: null
Scanner: name token on line 7: null
Scanner: name token on line 7: null
Scanner: name token on line 7: null
Scanner: name token on line 7: null
Scanner: name token on line 7: null
Scanner: name token on line 7: null
Scanner: name token on line 7: null
Scanner: name token on line 7: null
Scanner: name token on line 7: null
Scanner: name token on line 7: null
Scanner: integer literal token on line 7: 0
Scanner: name token on line 7: null
Scanner: name token on line 7: null
Scanner: name token on line 7: null
Scanner: name token on line 7: null
Scanner: name token on line 7: null
Scanner: NEWLINE token on line 7
   8: 	# en feilmelding.
Scanner: INDENT token on line 8
Scanner: NEWLINE token on line 8
Scanner: name token on line 8: null
Scanner: name token on line 8: null
Scanner: name token on line 8: null
Scanner: name token on line 8: null
Scanner: name token on line 8: null
Scanner: name token on line 8: null
Scanner: name token on line 8: null
Scanner: name token on line 8: null
Scanner: name token on line 8: null
Scanner: name token on line 8: null
Scanner: name token on line 8: null
Scanner: name token on line 8: null
Scanner: name token on line 8: null
Scanner: NEWLINE token on line 8
